TN:
SF:/home/sega/Desktop/Work/university/rdpo/include/btree.h
FNL:0,10,10
FNA:0,12,_ZN4Tree4NodeC2Ei
FNF:1
FNH:1
DA:10,12
LF:1
LH:1
end_of_record
TN:
SF:/home/sega/Desktop/Work/university/rdpo/include/queue.h
FNL:0,9,9
FNA:0,4,_ZN5Queue4NodeC2Ei
FNF:1
FNH:1
DA:9,4
LF:1
LH:1
end_of_record
TN:
SF:/home/sega/Desktop/Work/university/rdpo/include/stack.h
FNL:0,9,9
FNA:0,6,_ZN5Stack4NodeC2Ei
FNF:1
FNH:1
DA:9,6
LF:1
LH:1
end_of_record
TN:
SF:/home/sega/Desktop/Work/university/rdpo/src/btree.cpp
FNL:0,12,14
FNA:0,4,_ZN4Tree4bpopEi
FNL:1,15,23
FNA:1,12,_ZNK4Tree8containsEi
FNL:2,25,27
FNA:2,6,_ZN4TreeD2Ev
FNL:3,30,38
FNA:3,20,_ZN4Tree13recursivePushERPNS_4NodeEi
FNL:4,4,6
FNA:4,12,_ZN4Tree5bpushEi
FNL:5,40,46
FNA:5,36,_ZNK4Tree14recursivePrintEPNS_4NodeE
FNL:6,47,52
FNA:6,2,_ZN4Tree7findMinEPNS_4NodeE
FNL:7,54,76
FNA:7,8,_ZN4Tree12recursivePopERPNS_4NodeEi
FNL:8,78,84
FNA:8,22,_ZN4Tree5clearEPNS_4NodeE
FNL:9,8,11
FNA:9,8,_ZNK4Tree6bprintEv
FNF:10
FNH:10
DA:4,12
DA:5,12
DA:6,12
DA:8,8
DA:9,8
DA:10,8
DA:11,8
DA:12,4
DA:13,4
DA:14,4
DA:15,12
DA:16,12
DA:17,24
DA:18,20
DA:19,12
DA:20,6
DA:22,4
DA:25,6
DA:26,6
DA:27,6
DA:30,20
DA:31,20
DA:32,12
DA:33,8
DA:34,4
DA:35,4
DA:36,4
DA:38,20
DA:40,36
DA:41,36
DA:42,14
DA:43,14
DA:44,14
DA:46,36
DA:47,2
DA:48,2
DA:49,0
DA:51,2
DA:54,8
DA:55,8
DA:57,8
DA:58,0
DA:59,8
DA:60,2
DA:62,6
DA:63,4
DA:64,4
DA:65,4
DA:66,2
DA:67,0
DA:68,0
DA:69,0
DA:71,2
DA:72,2
DA:73,2
DA:78,22
DA:79,22
DA:80,8
DA:81,8
DA:82,8
DA:84,22
LF:61
LH:56
end_of_record
TN:
SF:/home/sega/Desktop/Work/university/rdpo/src/gtest.cpp
FNL:0,24,37
FNA:0,2,_ZN23QueueTest_AllTests_Test8TestBodyEv
FNA:0,2,_ZN23QueueTest_AllTests_TestC2Ev
FNA:0,2,_ZN23QueueTest_AllTests_TestD0Ev
FNA:0,2,_ZN23QueueTest_AllTests_TestD2Ev
FNL:1,38,53
FNA:1,2,_ZN23BTreeTest_AllTests_Test8TestBodyEv
FNA:1,2,_ZN23BTreeTest_AllTests_TestC2Ev
FNA:1,2,_ZN23BTreeTest_AllTests_TestD0Ev
FNA:1,2,_ZN23BTreeTest_AllTests_TestD2Ev
FNL:2,7,22
FNA:2,2,_ZN23StackTest_AllTests_Test8TestBodyEv
FNA:2,2,_ZN23StackTest_AllTests_TestC2Ev
FNA:2,2,_ZN23StackTest_AllTests_TestD0Ev
FNA:2,2,_ZN23StackTest_AllTests_TestD2Ev
FNF:3
FNH:3
DA:7,8
DA:8,2
DA:10,2
DA:12,2
DA:13,2
DA:14,2
DA:16,2
DA:17,2
DA:19,2
DA:20,2
DA:21,2
DA:22,2
DA:24,8
DA:25,2
DA:27,2
DA:28,2
DA:29,2
DA:31,2
DA:33,2
DA:34,2
DA:35,2
DA:36,2
DA:37,2
DA:38,8
DA:39,2
DA:40,2
DA:41,2
DA:42,2
DA:44,2
DA:45,2
DA:46,2
DA:48,2
DA:49,2
DA:50,2
DA:51,2
DA:52,2
DA:53,2
LF:37
LH:37
end_of_record
TN:
SF:/home/sega/Desktop/Work/university/rdpo/src/main.cpp
FNL:0,9,66
FNA:0,4,main
FNF:1
FNH:1
DA:9,4
DA:10,4
DA:11,4
DA:12,4
DA:14,4
DA:17,28
DA:18,28
DA:19,2
DA:22,26
DA:23,26
DA:25,26
DA:26,0
DA:31,26
DA:32,2
DA:33,24
DA:34,2
DA:35,22
DA:36,4
DA:37,18
DA:38,0
DA:40,18
DA:41,0
DA:42,18
DA:43,0
DA:44,18
DA:45,0
DA:46,18
DA:47,0
DA:49,18
DA:50,6
DA:51,12
DA:52,2
DA:53,10
DA:54,6
DA:55,4
DA:56,0
DA:58,4
DA:59,2
DA:60,2
DA:63,52
DA:65,2
DA:66,4
LF:42
LH:35
end_of_record
TN:
SF:/home/sega/Desktop/Work/university/rdpo/src/queue.cpp
FNL:0,14,21
FNA:0,2,_ZNK5Queue6qprintEv
FNL:1,22,32
FNA:1,2,_ZN5Queue4qpopEv
FNL:2,33,36
FNA:2,4,_ZN5Queue7getHeadEv
FNL:3,37,39
FNA:3,4,_ZNK5Queue7isEmptyEv
FNL:4,4,13
FNA:4,4,_ZN5Queue5qpushEi
FNL:5,41,47
FNA:5,6,_ZN5QueueD2Ev
FNF:6
FNH:6
DA:4,4
DA:5,4
DA:6,4
DA:7,2
DA:9,4
DA:10,4
DA:11,2
DA:13,4
DA:14,2
DA:15,2
DA:16,2
DA:17,4
DA:18,2
DA:19,2
DA:21,2
DA:22,2
DA:23,2
DA:25,2
DA:26,2
DA:27,2
DA:29,2
DA:30,0
DA:33,4
DA:34,4
DA:35,4
DA:37,4
DA:38,4
DA:41,6
DA:42,14
DA:43,2
DA:44,2
DA:45,2
DA:47,6
LF:33
LH:32
end_of_record
TN:
SF:/home/sega/Desktop/Work/university/rdpo/src/stack.cpp
FNL:0,17,22
FNA:0,6,_ZN5Stack4spopEv
FNL:1,23,26
FNA:1,4,_ZN5Stack6getTopEv
FNL:2,27,29
FNA:2,4,_ZNK5Stack7isEmptyEv
FNL:3,31,37
FNA:3,6,_ZN5StackD2Ev
FNL:4,4,8
FNA:4,6,_ZN5Stack5spushEi
FNL:5,9,16
FNA:5,6,_ZNK5Stack6sprintEv
FNF:6
FNH:6
DA:4,6
DA:5,6
DA:6,6
DA:7,6
DA:8,6
DA:9,6
DA:10,6
DA:11,6
DA:12,8
DA:13,2
DA:14,2
DA:16,6
DA:17,6
DA:18,6
DA:19,6
DA:20,6
DA:21,6
DA:23,4
DA:24,4
DA:25,4
DA:27,4
DA:28,4
DA:31,6
DA:32,12
DA:33,0
DA:34,0
DA:35,0
DA:37,6
LF:28
LH:25
end_of_record
